-------------------------------------------------------------------------------
Test set: TestSuite
-------------------------------------------------------------------------------
Tests run: 6, Failures: 1, Errors: 0, Skipped: 0, Time elapsed: 42.444 sec <<< FAILURE! - in TestSuite
searchForText(webGUITests.Tests)  Time elapsed: 4.457 sec  <<< FAILURE!
java.lang.AssertionError: did not expect to find [true] but found [false]
	at webGUITests.Tests.searchForText(Tests.java:37)

