<?xml version="1.0" encoding="UTF-8"?>
<testsuite xmlns:xsi="http://www.w3.org/2001/XMLSchema-instance" xsi:schemaLocation="https://maven.apache.org/surefire/maven-surefire-plugin/xsd/surefire-test-report.xsd" name="TestSuite" time="42.444" tests="6" errors="0" skipped="0" failures="1">
  <properties>
[...]
</properties>
  <testcase name="TextFieldNotEmpty" classname="testsAPI.RandomCatFact" time="3.122"/>
  <testcase name="searchForText" classname="webGUITests.Tests" time="4.457">
    <failure message="did not expect to find [true] but found [false]" type="java.lang.AssertionError">java.lang.AssertionError: did not expect to find [true] but found [false]
	at webGUITests.Tests.searchForText(Tests.java:37)
</failure>
    <system-err><![CDATA[[1590118190.110][SEVERE]: Timed out receiving message from renderer: 0.100
[1590118190.302][SEVERE]: Timed out receiving message from renderer: 0.100
[1590118190.513][SEVERE]: Timed out receiving message from renderer: 0.100
[1590118190.805][SEVERE]: Timed out receiving message from renderer: 0.100
[1590118190.906][SEVERE]: Timed out receiving message from renderer: 0.100
[1590118191.010][SEVERE]: Timed out receiving message from renderer: 0.100
[1590118191.711][SEVERE]: Timed out receiving message from renderer: 0.100
[1590118191.847][SEVERE]: Timed out receiving message from renderer: 0.100
[1590118191.948][SEVERE]: Timed out receiving message from renderer: 0.100
[1590118192.049][SEVERE]: Timed out receiving message from renderer: 0.100
[1590118192.262][SEVERE]: Timed out receiving message from renderer: 0.100
[1590118192.557][SEVERE]: Timed out receiving message from renderer: 0.100
[1590118192.658][SEVERE]: Timed out receiving message from renderer: 0.100
[1590118192.955][SEVERE]: Timed out receiving message from renderer: 0.100
[1590118193.057][SEVERE]: Timed out receiving message from renderer: 0.100
[1590118193.159][SEVERE]: Timed out receiving message from renderer: 0.100
[1590118193.260][SEVERE]: Timed out receiving message from renderer: 0.100
[1590118193.361][SEVERE]: Timed out receiving message from renderer: 0.100
[1590118193.462][SEVERE]: Timed out receiving message from renderer: 0.100
]]></system-err>
  </testcase>
  <testcase name="uploadImage" classname="webGUITests.Tests" time="4.322"/>
  <testcase name="uploadImage" classname="webGUITests.Tests" time="10.534"/>
  <testcase name="uploadImage" classname="webGUITests.Tests" time="5.923"/>
  <testcase name="dynamicLoading" classname="webGUITests.Tests" time="6.082"/>
</testsuite>